<?xml version="1.0" encoding="UTF-8"?>
<!-- Generated by org.testng.reporters.JUnitReportReporter -->
<testsuite skipped="0" hostname="users-MacBook-Air-2.local" name="com.test.sample" tests="1" failures="0" timestamp="2020-06-09T00:23:11 IST" time="6.616" errors="0">
  <testcase name="first" time="6.616" classname="com.test.sample"/>
  <system-out/>
</testsuite> <!-- com.test.sample -->
