<?xml version="1.0" encoding="UTF-8"?>
<!-- Generated by org.testng.reporters.JUnitReportReporter -->
<testsuite skipped="1" hostname="users-MacBook-Air-2.local" name="com.test.MyntrTest" tests="1" failures="0" timestamp="2020-06-09T10:34:45 IST" time="0.000" errors="0">
  <testcase name="verifyProfileIcon" time="0.000" classname="com.test.MyntrTest">
    <skipped/>
  </testcase> <!-- verifyProfileIcon -->
  <system-out/>
</testsuite> <!-- com.test.MyntrTest -->
